<?xml version="1.0" encoding="UTF-8"?>
<!-- Generated by org.testng.reporters.JUnitReportReporter -->
<testsuite hostname="Tanu" failures="0" tests="2" name="com.nextWave.MoviesAppTestCases.PopularPageTest" time="57.717" errors="0" timestamp="2024-06-04T18:32:59 IST" skipped="0">
  <testcase classname="com.nextWave.MoviesAppTestCases.PopularPageTest" name="testPopularPageUI" time="19.580"/>
  <testcase classname="com.nextWave.MoviesAppTestCases.PopularPageTest" name="testCountOfPopularMovieImg" time="38.137"/>
</testsuite> <!-- com.nextWave.MoviesAppTestCases.PopularPageTest -->
