<?xml version="1.0" encoding="UTF-8"?>
<!-- Generated by org.testng.reporters.JUnitReportReporter -->
<testsuite hostname="Tanu" failures="0" tests="2" name="com.nextWave.MoviesAppTestCases.SearchPageTest" time="23.893" errors="0" timestamp="2024-06-04T18:32:59 IST" skipped="0">
  <testcase classname="com.nextWave.MoviesAppTestCases.SearchPageTest" name="testSearchFunctionalityTest1" time="12.345"/>
  <testcase classname="com.nextWave.MoviesAppTestCases.SearchPageTest" name="testSearchFunctionalityTest2" time="11.548"/>
</testsuite> <!-- com.nextWave.MoviesAppTestCases.SearchPageTest -->
