<?xml version="1.0" encoding="UTF-8"?>
<!-- Generated by org.testng.reporters.JUnitReportReporter -->
<testsuite hostname="Tanu" failures="0" tests="2" name="com.nextWave.MoviesAppTestCases.AccountPageTest" time="27.510" errors="0" timestamp="2024-06-04T18:32:59 IST" skipped="0">
  <testcase classname="com.nextWave.MoviesAppTestCases.AccountPageTest" name="testAccountPageUI" time="13.334"/>
  <testcase classname="com.nextWave.MoviesAppTestCases.AccountPageTest" name="testLogoutFunctionality" time="14.176"/>
</testsuite> <!-- com.nextWave.MoviesAppTestCases.AccountPageTest -->
