<?xml version="1.0" encoding="UTF-8"?>
<!-- Generated by org.testng.reporters.JUnitReportReporter -->
<testsuite hostname="Tanu" failures="0" tests="6" name="com.nextWave.MoviesAppTestCases.LoginPageTest" time="86.601" errors="0" timestamp="2024-06-04T18:32:59 IST" skipped="0">
  <testcase classname="com.nextWave.MoviesAppTestCases.LoginPageTest" name="testLoginPageUI" time="30.834"/>
  <testcase classname="com.nextWave.MoviesAppTestCases.LoginPageTest" name="testLoginFunctionalityWithEmptyFields" time="12.238"/>
  <testcase classname="com.nextWave.MoviesAppTestCases.LoginPageTest" name="testLoginFunctionalityWithEmptyPassword" time="13.807"/>
  <testcase classname="com.nextWave.MoviesAppTestCases.LoginPageTest" name="testLoginFunctionalityWithEmptyUsername" time="8.874"/>
  <testcase classname="com.nextWave.MoviesAppTestCases.LoginPageTest" name="testLoginFunctionalityWithInvalidCredentials" time="5.189"/>
  <testcase classname="com.nextWave.MoviesAppTestCases.LoginPageTest" name="testLoginFunctionalityWithValidCredentials" time="15.659"/>
</testsuite> <!-- com.nextWave.MoviesAppTestCases.LoginPageTest -->
