<?xml version="1.0" encoding="UTF-8"?>
<!-- Generated by org.testng.reporters.JUnitReportReporter -->
<testsuite hostname="Tanu" failures="0" tests="2" name="com.nextWave.MoviesAppTestCases.MovieDetailsPageTest" time="56.531" errors="0" timestamp="2024-06-04T18:32:59 IST" skipped="0">
  <testcase classname="com.nextWave.MoviesAppTestCases.MovieDetailsPageTest" name="testTrendingNowMoviesPage" time="41.126"/>
  <testcase classname="com.nextWave.MoviesAppTestCases.MovieDetailsPageTest" name="testOriginalsMoviePage" time="15.405"/>
</testsuite> <!-- com.nextWave.MoviesAppTestCases.MovieDetailsPageTest -->
